<?xml version="1.0" encoding="UTF-8"?>
<!-- Generated by org.testng.reporters.JUnitReportReporter -->
<testsuite hostname="ACPL-LPT-170" failures="0" tests="1" name="com.crm.qa.testcases.LoginPageTest" time="12.921" errors="0" timestamp="2024-08-25T11:52:02 IST" skipped="0">
  <testcase classname="com.crm.qa.testcases.LoginPageTest" name="Login" time="12.921"/>
  <system-out/>
</testsuite> <!-- com.crm.qa.testcases.LoginPageTest -->
